2020-03-29 11:43:46,375 [main] INFO nopCommerce - *****Launching URL******
2020-03-29 11:43:46,393 [main] INFO nopCommerce - *****Opening URL******
2020-03-29 11:43:54,319 [main] INFO nopCommerce - *****Providing Login details******
2020-03-29 11:43:54,491 [main] INFO nopCommerce - *****Started Login******
2020-03-29 11:44:20,732 [main] INFO nopCommerce - *****Adding new customer******
2020-03-29 11:44:20,733 [main] INFO nopCommerce - *****Proving customer details******
2020-03-29 11:44:27,429 [main] INFO nopCommerce - *****Saving customer data******
2020-03-29 11:44:32,318 [main] INFO nopCommerce - *****closing browser******
2020-03-29 11:44:37,858 [main] INFO nopCommerce - *****Launching URL******
2020-03-29 11:44:37,860 [main] INFO nopCommerce - *****Opening URL******
2020-03-29 11:44:45,195 [main] INFO nopCommerce - *****Providing Login details******
2020-03-29 11:44:45,360 [main] INFO nopCommerce - *****Started Login******
2020-03-29 11:45:02,249 [main] INFO nopCommerce - *****Searching customer by email id******
2020-03-29 11:45:05,588 [main] INFO nopCommerce - *****closing browser******
2020-03-29 11:45:11,122 [main] INFO nopCommerce - *****Launching URL******
2020-03-29 11:45:11,123 [main] INFO nopCommerce - *****Opening URL******
2020-03-29 11:45:18,094 [main] INFO nopCommerce - *****Providing Login details******
2020-03-29 11:45:18,271 [main] INFO nopCommerce - *****Started Login******
2020-03-29 11:45:39,517 [main] INFO nopCommerce - *****Searching customer by Name******
2020-03-29 11:45:42,830 [main] INFO nopCommerce - *****closing browser******
2020-03-29 11:45:48,415 [main] INFO nopCommerce - *****Launching URL******
2020-03-29 11:45:48,416 [main] INFO nopCommerce - *****Opening URL******
2020-03-29 11:45:56,351 [main] INFO nopCommerce - *****Providing Login details******
2020-03-29 11:45:56,514 [main] INFO nopCommerce - *****Started Login******
2020-03-29 11:46:12,261 [main] INFO nopCommerce - *****Login failed*****
2020-03-29 11:46:15,267 [main] INFO nopCommerce - *****Click on logout link******
2020-03-29 11:46:19,980 [main] INFO nopCommerce - *****Login failed*****
2020-03-29 11:46:22,988 [main] INFO nopCommerce - *****closing browser******
2020-03-29 11:46:28,525 [main] INFO nopCommerce - *****Launching URL******
2020-03-29 11:46:28,526 [main] INFO nopCommerce - *****Opening URL******
2020-03-29 11:46:38,314 [main] INFO nopCommerce - *****Providing Login details******
2020-03-29 11:46:38,467 [main] INFO nopCommerce - *****Started Login******
2020-03-29 11:46:50,121 [main] INFO nopCommerce - *****Login failed*****
2020-03-29 11:46:53,128 [main] INFO nopCommerce - *****Click on logout link******
2020-03-29 11:46:58,521 [main] INFO nopCommerce - *****Login failed*****
2020-03-29 11:47:01,525 [main] INFO nopCommerce - *****closing browser******
2020-03-29 11:47:07,131 [main] INFO nopCommerce - *****Launching URL******
2020-03-29 11:47:07,132 [main] INFO nopCommerce - *****Opening URL******
2020-03-29 11:47:13,284 [main] INFO nopCommerce - *****Providing Login details******
2020-03-29 11:47:13,450 [main] INFO nopCommerce - *****Started Login******
2020-03-29 11:47:16,924 [main] INFO nopCommerce - *****Login passed******
2020-03-29 11:52:17,961 [main] INFO nopCommerce - *****Launching URL******
2020-03-29 11:52:17,978 [main] INFO nopCommerce - *****Opening URL******
2020-03-29 11:52:26,316 [main] INFO nopCommerce - *****Providing Login details******
2020-03-29 11:52:26,479 [main] INFO nopCommerce - *****Started Login******
2020-03-29 11:52:51,743 [main] INFO nopCommerce - *****Adding new customer******
2020-03-29 11:52:51,744 [main] INFO nopCommerce - *****Proving customer details******
2020-03-29 11:52:58,398 [main] INFO nopCommerce - *****Saving customer data******
2020-03-29 11:53:02,778 [main] INFO nopCommerce - *****closing browser******
2020-03-29 11:53:08,316 [main] INFO nopCommerce - *****Launching URL******
2020-03-29 11:53:08,317 [main] INFO nopCommerce - *****Opening URL******
2020-03-29 11:53:16,105 [main] INFO nopCommerce - *****Providing Login details******
2020-03-29 11:53:16,265 [main] INFO nopCommerce - *****Started Login******
2020-03-29 11:53:34,304 [main] INFO nopCommerce - *****Searching customer by email id******
2020-03-29 11:53:37,655 [main] INFO nopCommerce - *****closing browser******
2020-03-29 11:53:43,200 [main] INFO nopCommerce - *****Launching URL******
2020-03-29 11:53:43,200 [main] INFO nopCommerce - *****Opening URL******
2020-03-29 11:53:50,450 [main] INFO nopCommerce - *****Providing Login details******
2020-03-29 11:53:50,613 [main] INFO nopCommerce - *****Started Login******
2020-03-29 11:54:10,611 [main] INFO nopCommerce - *****Searching customer by Name******
2020-03-29 11:54:13,963 [main] INFO nopCommerce - *****closing browser******
2020-03-29 11:54:19,500 [main] INFO nopCommerce - *****Launching URL******
2020-03-29 11:54:19,500 [main] INFO nopCommerce - *****Opening URL******
2020-03-29 11:54:26,284 [main] INFO nopCommerce - *****Providing Login details******
2020-03-29 11:54:26,439 [main] INFO nopCommerce - *****Started Login******
2020-03-29 11:54:38,349 [main] INFO nopCommerce - *****Login failed*****
2020-03-29 11:54:41,355 [main] INFO nopCommerce - *****Click on logout link******
2020-03-29 11:54:46,083 [main] INFO nopCommerce - *****Login failed*****
2020-03-29 11:54:49,093 [main] INFO nopCommerce - *****closing browser******
2020-03-29 11:54:54,675 [main] INFO nopCommerce - *****Launching URL******
2020-03-29 11:54:54,677 [main] INFO nopCommerce - *****Opening URL******
2020-03-29 11:55:02,749 [main] INFO nopCommerce - *****Providing Login details******
2020-03-29 11:55:02,936 [main] INFO nopCommerce - *****Started Login******
2020-03-29 11:55:14,690 [main] INFO nopCommerce - *****Login failed*****
2020-03-29 11:55:17,696 [main] INFO nopCommerce - *****Click on logout link******
2020-03-29 11:55:22,521 [main] INFO nopCommerce - *****Login failed*****
2020-03-29 11:55:25,530 [main] INFO nopCommerce - *****closing browser******
2020-03-29 11:55:31,132 [main] INFO nopCommerce - *****Launching URL******
2020-03-29 11:55:31,133 [main] INFO nopCommerce - *****Opening URL******
2020-03-29 11:55:39,040 [main] INFO nopCommerce - *****Providing Login details******
2020-03-29 11:55:39,200 [main] INFO nopCommerce - *****Started Login******
2020-03-29 11:55:43,457 [main] INFO nopCommerce - *****Login passed******
